0 info it worked if it ends with ok
1 verbose cli [ 'C:\\Program Files\\nodejs\\node.exe',
1 verbose cli   'C:\\Program Files\\nodejs\\node_modules\\npm\\bin\\npm-cli.js',
1 verbose cli   'start' ]
2 info using npm@4.1.2
3 info using node@v7.7.3
4 verbose run-script [ 'prestart', 'start', 'poststart' ]
5 info lifecycle authapp@1.0.0~prestart: authapp@1.0.0
6 silly lifecycle authapp@1.0.0~prestart: no script for prestart, continuing
7 info lifecycle authapp@1.0.0~start: authapp@1.0.0
8 verbose lifecycle authapp@1.0.0~start: unsafe-perm in lifecycle true
9 verbose lifecycle authapp@1.0.0~start: PATH: C:\Program Files\nodejs\node_modules\npm\bin\node-gyp-bin;D:\vlog\authapp\node_modules\.bin;C:\Program Files (x86)\NVIDIA Corporation\PhysX\Common;C:\Windows\system32;C:\Windows;C:\Windows\System32\Wbem;C:\Windows\System32\WindowsPowerShell\v1.0\;C:\Program Files\Intel\WiFi\bin\;C:\Program Files\Common Files\Intel\WirelessCommon\;C:\Program Files\Git\cmd;C:\Program Files\nodejs\;C:\Users\Rajith Thennakoon\AppData\Local\Programs\Python\Python36-32\Scripts\;C:\Users\Rajith Thennakoon\AppData\Local\Programs\Python\Python36-32\;C:\Program Files\Intel\WiFi\bin\;C:\Program Files\Common Files\Intel\WirelessCommon\;C:\Users\Rajith Thennakoon\AppData\Roaming\npm;C:\mongodb\bin;C:\Program Files (x86)\Microsoft VS Code\bin
10 verbose lifecycle authapp@1.0.0~start: CWD: D:\vlog\authapp
11 silly lifecycle authapp@1.0.0~start: Args: [ '/d /s /c', 'node app' ]
12 silly lifecycle authapp@1.0.0~start: Returned: code: 1  signal: null
13 info lifecycle authapp@1.0.0~start: Failed to exec start script
14 verbose stack Error: authapp@1.0.0 start: `node app`
14 verbose stack Exit status 1
14 verbose stack     at EventEmitter.<anonymous> (C:\Program Files\nodejs\node_modules\npm\lib\utils\lifecycle.js:279:16)
14 verbose stack     at emitTwo (events.js:106:13)
14 verbose stack     at EventEmitter.emit (events.js:194:7)
14 verbose stack     at ChildProcess.<anonymous> (C:\Program Files\nodejs\node_modules\npm\lib\utils\spawn.js:40:14)
14 verbose stack     at emitTwo (events.js:106:13)
14 verbose stack     at ChildProcess.emit (events.js:194:7)
14 verbose stack     at maybeClose (internal/child_process.js:899:16)
14 verbose stack     at Process.ChildProcess._handle.onexit (internal/child_process.js:226:5)
15 verbose pkgid authapp@1.0.0
16 verbose cwd D:\vlog\authapp
17 error Windows_NT 6.3.9600
18 error argv "C:\\Program Files\\nodejs\\node.exe" "C:\\Program Files\\nodejs\\node_modules\\npm\\bin\\npm-cli.js" "start"
19 error node v7.7.3
20 error npm  v4.1.2
21 error code ELIFECYCLE
22 error authapp@1.0.0 start: `node app`
22 error Exit status 1
23 error Failed at the authapp@1.0.0 start script 'node app'.
23 error Make sure you have the latest version of node.js and npm installed.
23 error If you do, this is most likely a problem with the authapp package,
23 error not with npm itself.
23 error Tell the author that this fails on your system:
23 error     node app
23 error You can get information on how to open an issue for this project with:
23 error     npm bugs authapp
23 error Or if that isn't available, you can get their info via:
23 error     npm owner ls authapp
23 error There is likely additional logging output above.
24 verbose exit [ 1, true ]
